<?xml version="1.0" encoding="UTF-8"?>
<!-- Generated by org.testng.reporters.JUnitXMLReporter -->
<testsuite ignored="18" hostname="Nasa" failures="0" tests="0" name="Default test" time="1.016" errors="0" timestamp="2024-04-05T12:55:55 IST">
  <testcase classname="TestCases.TestCase" name="verifyDeliveryDateDisplayForValidPincodeUsingDataProvider" time="0.0">
    <ignored/>
  </testcase> <!-- verifyDeliveryDateDisplayForValidPincodeUsingDataProvider -->
  <testcase classname="TestCases.TestCase" name="verifyTotalPriceReflectingCorrectlyIfUserIncreaseQuantityOnCart" time="0.0">
    <ignored/>
  </testcase> <!-- verifyTotalPriceReflectingCorrectlyIfUserIncreaseQuantityOnCart -->
  <testcase classname="TestCases.TestCase" name="verifyWithoutSignupSaveToWistlistFuctionalityDisplayLoginForm" time="0.0">
    <ignored/>
  </testcase> <!-- verifyWithoutSignupSaveToWistlistFuctionalityDisplayLoginForm -->
  <testcase classname="TestCases.TestCase" name="VerifySelectedOptionFromDropdownDisplaySame" time="0.0">
    <ignored/>
  </testcase> <!-- VerifySelectedOptionFromDropdownDisplaySame -->
  <testcase classname="TestCases.TestCase" name="verifyUserRegistrationProcess" time="0.0">
    <ignored/>
  </testcase> <!-- verifyUserRegistrationProcess -->
  <testcase classname="TestCases.TestCase" name="verifyCorrectProductIsDisplayAfterSearch" time="0.0">
    <ignored/>
  </testcase> <!-- verifyCorrectProductIsDisplayAfterSearch -->
  <testcase classname="TestCases.TestCase" name="verifyCartPageDisplaysAsEmptyBeforeUserLogsIn" time="0.0">
    <ignored/>
  </testcase> <!-- verifyCartPageDisplaysAsEmptyBeforeUserLogsIn -->
  <testcase classname="TestCases.TestCase" name="VerifyAddingMultipleProductsToCartTotalAmountDisplayedCorrectly" time="0.0">
    <ignored/>
  </testcase> <!-- VerifyAddingMultipleProductsToCartTotalAmountDisplayedCorrectly -->
  <testcase classname="TestCases.TestCase" name="verifyDeliveryDateDisplayForValidPincode" time="0.0">
    <ignored/>
  </testcase> <!-- verifyDeliveryDateDisplayForValidPincode -->
  <testcase classname="TestCases.TestCase" name="verifyProductIsSuccessfullyAddedToCart" time="0.0">
    <ignored/>
  </testcase> <!-- verifyProductIsSuccessfullyAddedToCart -->
  <testcase classname="TestCases.TestCase" name="verifySigninInvalidContactNumber" time="0.0">
    <ignored/>
  </testcase> <!-- verifySigninInvalidContactNumber -->
  <testcase classname="TestCases.TestCase" name="verifySigninInvalidContactNumberUsingPropertiesFile" time="0.0">
    <ignored/>
  </testcase> <!-- verifySigninInvalidContactNumberUsingPropertiesFile -->
  <testcase classname="TestCases.TestCase" name="verifySigninInvalidContactNumberUsingPOM" time="0.0">
    <ignored/>
  </testcase> <!-- verifySigninInvalidContactNumberUsingPOM -->
  <testcase classname="TestCases.TestCase" name="verifyTotalPriceReflectingCorrectlyIfUserIncreaseQuantityOnCartUsingPOM" time="0.0">
    <ignored/>
  </testcase> <!-- verifyTotalPriceReflectingCorrectlyIfUserIncreaseQuantityOnCartUsingPOM -->
  <testcase classname="TestCases.TestCase" name="verifyAddToCartProductPOM" time="0.0">
    <ignored/>
  </testcase> <!-- verifyAddToCartProductPOM -->
  <testcase classname="TestCases.TestCase" name="verifyAddToBagButton" time="0.0">
    <ignored/>
  </testcase> <!-- verifyAddToBagButton -->
  <testcase classname="TestCases.TestCase" name="verifyTotalPriceReflectingCorrectlyIfUserRemoveProductOnCart" time="0.0">
    <ignored/>
  </testcase> <!-- verifyTotalPriceReflectingCorrectlyIfUserRemoveProductOnCart -->
  <testcase classname="TestCases.TestCase" name="verifyErrorMessageWhenUserEnterInvalidCouponCode" time="0.0">
    <ignored/>
  </testcase> <!-- verifyErrorMessageWhenUserEnterInvalidCouponCode -->
</testsuite> <!-- Default test -->
